0 verbose cli /opt/homebrew/Cellar/node/24.8.0/bin/node /opt/homebrew/bin/npm
1 info using npm@11.6.0
2 info using node@v24.8.0
3 silly config load:file:/opt/homebrew/lib/node_modules/npm/npmrc
4 silly config load:file:/Users/francisco/Documents/Projects/Websites/MyFantasy/.npmrc
5 silly config load:file:/Users/francisco/.npmrc
6 silly config load:file:/opt/homebrew/etc/npmrc
7 verbose title npm install lodash @types/lodash
8 verbose argv "install" "lodash" "@types/lodash"
9 verbose logfile logs-max:10 dir:/Users/francisco/Documents/Projects/Websites/MyFantasy/.npm-cache/_logs/2025-09-17T21_46_29_382Z-
10 verbose logfile /Users/francisco/Documents/Projects/Websites/MyFantasy/.npm-cache/_logs/2025-09-17T21_46_29_382Z-debug-0.log
11 silly logfile done cleaning log files
12 silly packumentCache heap:4496293888 maxSize:1124073472 maxEntrySize:562036736
13 silly idealTree buildDeps
14 silly fetch manifest lodash@*
15 silly packumentCache full:https://registry.npmjs.org/lodash cache-miss
16 http fetch GET 200 https://registry.npmjs.org/lodash 132ms (cache miss)
17 silly packumentCache full:https://registry.npmjs.org/lodash set size:undefined disposed:false
18 silly fetch manifest @types/lodash@*
19 silly packumentCache full:https://registry.npmjs.org/@types%2flodash cache-miss
20 http fetch GET 200 https://registry.npmjs.org/@types%2flodash 58ms (cache miss)
21 silly packumentCache full:https://registry.npmjs.org/@types%2flodash set size:undefined disposed:false
22 silly placeDep ROOT @types/lodash@4.17.20 OK for: fantasy-football-optimizer@0.1.0 want: *
23 silly placeDep ROOT lodash@4.17.21 OK for: fantasy-football-optimizer@0.1.0 want: *
24 silly reify moves {}
25 silly audit bulk request {
25 silly audit   '@alloc/quick-lru': [ '5.2.0' ],
25 silly audit   '@auth/prisma-adapter': [ '2.10.0' ],
25 silly audit   '@auth/core': [ '0.40.0' ],
25 silly audit   jose: [ '6.1.0', '4.15.9' ],
25 silly audit   oauth4webapi: [ '3.8.1' ],
25 silly audit   'preact-render-to-string': [ '6.5.11', '5.2.6' ],
25 silly audit   '@babel/runtime': [ '7.28.4' ],
25 silly audit   '@emnapi/core': [ '1.5.0' ],
25 silly audit   '@emnapi/runtime': [ '1.5.0' ],
25 silly audit   '@emnapi/wasi-threads': [ '1.1.0' ],
25 silly audit   '@eslint-community/eslint-utils': [ '4.9.0' ],
25 silly audit   'eslint-visitor-keys': [ '3.4.3', '4.2.1' ],
25 silly audit   '@eslint-community/regexpp': [ '4.12.1' ],
25 silly audit   '@eslint/config-array': [ '0.21.0' ],
25 silly audit   '@eslint/config-helpers': [ '0.3.1' ],
25 silly audit   '@eslint/core': [ '0.15.2' ],
25 silly audit   '@eslint/eslintrc': [ '3.3.1' ],
25 silly audit   '@eslint/js': [ '9.35.0' ],
25 silly audit   '@eslint/object-schema': [ '2.1.6' ],
25 silly audit   '@eslint/plugin-kit': [ '0.3.5' ],
25 silly audit   '@humanfs/core': [ '0.19.1' ],
25 silly audit   '@humanfs/node': [ '0.16.7' ],
25 silly audit   '@humanwhocodes/module-importer': [ '1.0.1' ],
25 silly audit   '@humanwhocodes/retry': [ '0.4.3' ],
25 silly audit   '@img/colour': [ '1.0.0' ],
25 silly audit   '@img/sharp-darwin-arm64': [ '0.34.4' ],
25 silly audit   '@img/sharp-darwin-x64': [ '0.34.4' ],
25 silly audit   '@img/sharp-libvips-darwin-arm64': [ '1.2.3' ],
25 silly audit   '@img/sharp-libvips-darwin-x64': [ '1.2.3' ],
25 silly audit   '@img/sharp-libvips-linux-arm': [ '1.2.3' ],
25 silly audit   '@img/sharp-libvips-linux-arm64': [ '1.2.3' ],
25 silly audit   '@img/sharp-libvips-linux-ppc64': [ '1.2.3' ],
25 silly audit   '@img/sharp-libvips-linux-s390x': [ '1.2.3' ],
25 silly audit   '@img/sharp-libvips-linux-x64': [ '1.2.3' ],
25 silly audit   '@img/sharp-libvips-linuxmusl-arm64': [ '1.2.3' ],
25 silly audit   '@img/sharp-libvips-linuxmusl-x64': [ '1.2.3' ],
25 silly audit   '@img/sharp-linux-arm': [ '0.34.4' ],
25 silly audit   '@img/sharp-linux-arm64': [ '0.34.4' ],
25 silly audit   '@img/sharp-linux-ppc64': [ '0.34.4' ],
25 silly audit   '@img/sharp-linux-s390x': [ '0.34.4' ],
25 silly audit   '@img/sharp-linux-x64': [ '0.34.4' ],
25 silly audit   '@img/sharp-linuxmusl-arm64': [ '0.34.4' ],
25 silly audit   '@img/sharp-linuxmusl-x64': [ '0.34.4' ],
25 silly audit   '@img/sharp-wasm32': [ '0.34.4' ],
25 silly audit   '@img/sharp-win32-arm64': [ '0.34.4' ],
25 silly audit   '@img/sharp-win32-ia32': [ '0.34.4' ],
25 silly audit   '@img/sharp-win32-x64': [ '0.34.4' ],
25 silly audit   '@isaacs/fs-minipass': [ '4.0.1' ],
25 silly audit   '@jridgewell/gen-mapping': [ '0.3.13' ],
25 silly audit   '@jridgewell/remapping': [ '2.3.5' ],
25 silly audit   '@jridgewell/resolve-uri': [ '3.1.2' ],
25 silly audit   '@jridgewell/sourcemap-codec': [ '1.5.5' ],
25 silly audit   '@jridgewell/trace-mapping': [ '0.3.31' ],
25 silly audit   '@napi-rs/wasm-runtime': [ '0.2.12' ],
25 silly audit   '@next/env': [ '15.5.3' ],
25 silly audit   '@next/eslint-plugin-next': [ '15.5.3' ],
25 silly audit   '@next/swc-darwin-arm64': [ '15.5.3' ],
25 silly audit   '@next/swc-darwin-x64': [ '15.5.3' ],
25 silly audit   '@next/swc-linux-arm64-gnu': [ '15.5.3' ],
25 silly audit   '@next/swc-linux-arm64-musl': [ '15.5.3' ],
25 silly audit   '@next/swc-linux-x64-gnu': [ '15.5.3' ],
25 silly audit   '@next/swc-linux-x64-musl': [ '15.5.3' ],
25 silly audit   '@next/swc-win32-arm64-msvc': [ '15.5.3' ],
25 silly audit   '@next/swc-win32-x64-msvc': [ '15.5.3' ],
25 silly audit   '@nodelib/fs.scandir': [ '2.1.5' ],
25 silly audit   '@nodelib/fs.stat': [ '2.0.5' ],
25 silly audit   '@nodelib/fs.walk': [ '1.2.8' ],
25 silly audit   '@nolyfill/is-core-module': [ '1.0.39' ],
25 silly audit   '@panva/hkdf': [ '1.2.1' ],
25 silly audit   '@prisma/client': [ '6.16.2' ],
25 silly audit   '@prisma/config': [ '6.16.2' ],
25 silly audit   '@prisma/debug': [ '6.16.2' ],
25 silly audit   '@prisma/engines': [ '6.16.2' ],
25 silly audit   '@prisma/engines-version': [ '6.16.0-7.1c57fdcd7e44b29b9313256c76699e91c3ac3c43' ],
25 silly audit   '@prisma/fetch-engine': [ '6.16.2' ],
25 silly audit   '@prisma/get-platform': [ '6.16.2' ],
25 silly audit   '@reduxjs/toolkit': [ '2.9.0' ],
25 silly audit   '@rtsao/scc': [ '1.1.0' ],
25 silly audit   '@rushstack/eslint-patch': [ '1.12.0' ],
25 silly audit   '@standard-schema/spec': [ '1.0.0' ],
25 silly audit   '@standard-schema/utils': [ '0.3.0' ],
25 silly audit   '@swc/helpers': [ '0.5.15' ],
25 silly audit   '@tailwindcss/node': [ '4.1.13' ],
25 silly audit   '@tailwindcss/oxide': [ '4.1.13' ],
25 silly audit   '@tailwindcss/oxide-android-arm64': [ '4.1.13' ],
25 silly audit   '@tailwindcss/oxide-darwin-arm64': [ '4.1.13' ],
25 silly audit   '@tailwindcss/oxide-darwin-x64': [ '4.1.13' ],
25 silly audit   '@tailwindcss/oxide-freebsd-x64': [ '4.1.13' ],
25 silly audit   '@tailwindcss/oxide-linux-arm-gnueabihf': [ '4.1.13' ],
25 silly audit   '@tailwindcss/oxide-linux-arm64-gnu': [ '4.1.13' ],
25 silly audit   '@tailwindcss/oxide-linux-arm64-musl': [ '4.1.13' ],
25 silly audit   '@tailwindcss/oxide-linux-x64-gnu': [ '4.1.13' ],
25 silly audit   '@tailwindcss/oxide-linux-x64-musl': [ '4.1.13' ],
25 silly audit   '@tailwindcss/oxide-wasm32-wasi': [ '4.1.13' ],
25 silly audit   '@tailwindcss/oxide-win32-arm64-msvc': [ '4.1.13' ],
25 silly audit   '@tailwindcss/oxide-win32-x64-msvc': [ '4.1.13' ],
25 silly audit   '@tailwindcss/postcss': [ '4.1.13' ],
25 silly audit   '@tanstack/query-core': [ '5.89.0' ],
25 silly audit   '@tanstack/react-query': [ '5.89.0' ],
25 silly audit   '@tybys/wasm-util': [ '0.10.1' ],
25 silly audit   '@types/d3-array': [ '3.2.2' ],
25 silly audit   '@types/d3-color': [ '3.1.3' ],
25 silly audit   '@types/d3-ease': [ '3.0.2' ],
25 silly audit   '@types/d3-interpolate': [ '3.0.4' ],
25 silly audit   '@types/d3-path': [ '3.1.1' ],
25 silly audit   '@types/d3-scale': [ '4.0.9' ],
25 silly audit   '@types/d3-shape': [ '3.1.7' ],
25 silly audit   '@types/d3-time': [ '3.0.4' ],
25 silly audit   '@types/d3-timer': [ '3.0.2' ],
25 silly audit   '@types/estree': [ '1.0.8' ],
25 silly audit   '@types/json-schema': [ '7.0.15' ],
25 silly audit   '@types/json5': [ '0.0.29' ],
25 silly audit   '@types/node': [ '20.19.16' ],
25 silly audit   '@types/react': [ '19.1.13' ],
25 silly audit   '@types/react-dom': [ '19.1.9' ],
25 silly audit   '@types/use-sync-external-store': [ '0.0.6' ],
25 silly audit   '@typescript-eslint/eslint-plugin': [ '8.44.0' ],
25 silly audit   ignore: [ '7.0.5', '5.3.2' ],
25 silly audit   '@typescript-eslint/parser': [ '8.44.0' ],
25 silly audit   '@typescript-eslint/project-service': [ '8.44.0' ],
25 silly audit   '@typescript-eslint/scope-manager': [ '8.44.0' ],
25 silly audit   '@typescript-eslint/tsconfig-utils': [ '8.44.0' ],
25 silly audit   '@typescript-eslint/type-utils': [ '8.44.0' ],
25 silly audit   '@typescript-eslint/types': [ '8.44.0' ],
25 silly audit   '@typescript-eslint/typescript-estree': [ '8.44.0' ],
25 silly audit   'brace-expansion': [ '2.0.2', '1.1.12' ],
25 silly audit   'fast-glob': [ '3.3.3', '3.3.1' ],
25 silly audit   'glob-parent': [ '5.1.2', '6.0.2' ],
25 silly audit   minimatch: [ '9.0.5', '3.1.2' ],
25 silly audit   '@typescript-eslint/utils': [ '8.44.0' ],
25 silly audit   '@typescript-eslint/visitor-keys': [ '8.44.0' ],
25 silly audit   '@unrs/resolver-binding-android-arm-eabi': [ '1.11.1' ],
25 silly audit   '@unrs/resolver-binding-android-arm64': [ '1.11.1' ],
25 silly audit   '@unrs/resolver-binding-darwin-arm64': [ '1.11.1' ],
25 silly audit   '@unrs/resolver-binding-darwin-x64': [ '1.11.1' ],
25 silly audit   '@unrs/resolver-binding-freebsd-x64': [ '1.11.1' ],
25 silly audit   '@unrs/resolver-binding-linux-arm-gnueabihf': [ '1.11.1' ],
25 silly audit   '@unrs/resolver-binding-linux-arm-musleabihf': [ '1.11.1' ],
25 silly audit   '@unrs/resolver-binding-linux-arm64-gnu': [ '1.11.1' ],
25 silly audit   '@unrs/resolver-binding-linux-arm64-musl': [ '1.11.1' ],
25 silly audit   '@unrs/resolver-binding-linux-ppc64-gnu': [ '1.11.1' ],
25 silly audit   '@unrs/resolver-binding-linux-riscv64-gnu': [ '1.11.1' ],
25 silly audit   '@unrs/resolver-binding-linux-riscv64-musl': [ '1.11.1' ],
25 silly audit   '@unrs/resolver-binding-linux-s390x-gnu': [ '1.11.1' ],
25 silly audit   '@unrs/resolver-binding-linux-x64-gnu': [ '1.11.1' ],
25 silly audit   '@unrs/resolver-binding-linux-x64-musl': [ '1.11.1' ],
25 silly audit   '@unrs/resolver-binding-wasm32-wasi': [ '1.11.1' ],
25 silly audit   '@unrs/resolver-binding-win32-arm64-msvc': [ '1.11.1' ],
25 silly audit   '@unrs/resolver-binding-win32-ia32-msvc': [ '1.11.1' ],
25 silly audit   '@unrs/resolver-binding-win32-x64-msvc': [ '1.11.1' ],
25 silly audit   acorn: [ '8.15.0' ],
25 silly audit   'acorn-jsx': [ '5.3.2' ],
25 silly audit   ajv: [ '6.12.6' ],
25 silly audit   'ansi-styles': [ '4.3.0' ],
25 silly audit   argparse: [ '2.0.1' ],
25 silly audit   'aria-query': [ '5.3.2' ],
25 silly audit   'array-buffer-byte-length': [ '1.0.2' ],
25 silly audit   'array-includes': [ '3.1.9' ],
25 silly audit   'array.prototype.findlast': [ '1.2.5' ],
25 silly audit   'array.prototype.findlastindex': [ '1.2.6' ],
25 silly audit   'array.prototype.flat': [ '1.3.3' ],
25 silly audit   'array.prototype.flatmap': [ '1.3.3' ],
25 silly audit   'array.prototype.tosorted': [ '1.1.4' ],
25 silly audit   'arraybuffer.prototype.slice': [ '1.0.4' ],
25 silly audit   'ast-types-flow': [ '0.0.8' ],
25 silly audit   'async-function': [ '1.0.0' ],
25 silly audit   asynckit: [ '0.4.0' ],
25 silly audit   'available-typed-arrays': [ '1.0.7' ],
25 silly audit   'axe-core': [ '4.10.3' ],
25 silly audit   axios: [ '1.12.2' ],
25 silly audit   'axobject-query': [ '4.1.0' ],
25 silly audit   'balanced-match': [ '1.0.2' ],
25 silly audit   braces: [ '3.0.3' ],
25 silly audit   c12: [ '3.1.0' ],
25 silly audit   'call-bind': [ '1.0.8' ],
25 silly audit   'call-bind-apply-helpers': [ '1.0.2' ],
25 silly audit   'call-bound': [ '1.0.4' ],
25 silly audit   callsites: [ '3.1.0' ],
25 silly audit   'caniuse-lite': [ '1.0.30001743' ],
25 silly audit   chalk: [ '4.1.2' ],
25 silly audit   chokidar: [ '4.0.3' ],
25 silly audit   chownr: [ '3.0.0' ],
25 silly audit   citty: [ '0.1.6' ],
25 silly audit   'client-only': [ '0.0.1' ],
25 silly audit   clsx: [ '2.1.1' ],
25 silly audit   'color-convert': [ '2.0.1' ],
25 silly audit   'color-name': [ '1.1.4' ],
25 silly audit   'combined-stream': [ '1.0.8' ],
25 silly audit   commander: [ '7.2.0' ],
25 silly audit   'concat-map': [ '0.0.1' ],
25 silly audit   confbox: [ '0.2.2' ],
25 silly audit   consola: [ '3.4.2' ],
25 silly audit   cookie: [ '0.7.2' ],
25 silly audit   'cross-spawn': [ '7.0.6' ],
25 silly audit   csstype: [ '3.1.3' ],
25 silly audit   d3: [ '7.9.0' ],
25 silly audit   'd3-array': [ '3.2.4' ],
25 silly audit   'd3-axis': [ '3.0.0' ],
25 silly audit   'd3-brush': [ '3.0.0' ],
25 silly audit   'd3-chord': [ '3.0.1' ],
25 silly audit   'd3-color': [ '3.1.0' ],
25 silly audit   'd3-contour': [ '4.0.2' ],
25 silly audit   'd3-delaunay': [ '6.0.4' ],
25 silly audit   'd3-dispatch': [ '3.0.1' ],
25 silly audit   'd3-drag': [ '3.0.0' ],
25 silly audit   'd3-dsv': [ '3.0.1' ],
25 silly audit   'd3-ease': [ '3.0.1' ],
25 silly audit   'd3-fetch': [ '3.0.1' ],
25 silly audit   'd3-force': [ '3.0.0' ],
25 silly audit   'd3-format': [ '3.1.0' ],
25 silly audit   'd3-geo': [ '3.1.1' ],
25 silly audit   'd3-hierarchy': [ '3.1.2' ],
25 silly audit   'd3-interpolate': [ '3.0.1' ],
25 silly audit   'd3-path': [ '3.1.0' ],
25 silly audit   'd3-polygon': [ '3.0.1' ],
25 silly audit   'd3-quadtree': [ '3.0.1' ],
25 silly audit   'd3-random': [ '3.0.1' ],
25 silly audit   'd3-scale': [ '4.0.2' ],
25 silly audit   'd3-scale-chromatic': [ '3.1.0' ],
25 silly audit   'd3-selection': [ '3.0.0' ],
25 silly audit   'd3-shape': [ '3.2.0' ],
25 silly audit   'd3-time': [ '3.1.0' ],
25 silly audit   'd3-time-format': [ '4.1.0' ],
25 silly audit   'd3-timer': [ '3.0.1' ],
25 silly audit   'd3-transition': [ '3.0.1' ],
25 silly audit   'd3-zoom': [ '3.0.0' ],
25 silly audit   'damerau-levenshtein': [ '1.0.8' ],
25 silly audit   'data-view-buffer': [ '1.0.2' ],
25 silly audit   'data-view-byte-length': [ '1.0.2' ],
25 silly audit   'data-view-byte-offset': [ '1.0.1' ],
25 silly audit   'date-fns': [ '4.1.0' ],
25 silly audit   debug: [ '4.4.3', '3.2.7' ],
25 silly audit   'decimal.js-light': [ '2.5.1' ],
25 silly audit   'deep-is': [ '0.1.4' ],
25 silly audit   'deepmerge-ts': [ '7.1.5' ],
25 silly audit   'define-data-property': [ '1.1.4' ],
25 silly audit   'define-properties': [ '1.2.1' ],
25 silly audit   defu: [ '6.1.4' ],
25 silly audit   delaunator: [ '5.0.1' ],
25 silly audit   'delayed-stream': [ '1.0.0' ],
25 silly audit   destr: [ '2.0.5' ],
25 silly audit   'detect-libc': [ '2.1.0' ],
25 silly audit   doctrine: [ '2.1.0' ],
25 silly audit   dotenv: [ '16.6.1' ],
25 silly audit   'dunder-proto': [ '1.0.1' ],
25 silly audit   effect: [ '3.16.12' ],
25 silly audit   'emoji-regex': [ '9.2.2' ],
25 silly audit   empathic: [ '2.0.0' ],
25 silly audit   'enhanced-resolve': [ '5.18.3' ],
25 silly audit   'es-abstract': [ '1.24.0' ],
25 silly audit   'es-define-property': [ '1.0.1' ],
25 silly audit   'es-errors': [ '1.3.0' ],
25 silly audit   'es-iterator-helpers': [ '1.2.1' ],
25 silly audit   'es-object-atoms': [ '1.1.1' ],
25 silly audit   'es-set-tostringtag': [ '2.1.0' ],
25 silly audit   'es-shim-unscopables': [ '1.1.0' ],
25 silly audit   'es-to-primitive': [ '1.3.0' ],
25 silly audit   'es-toolkit': [ '1.39.10' ],
25 silly audit   'escape-string-regexp': [ '4.0.0' ],
25 silly audit   eslint: [ '9.35.0' ],
25 silly audit   'eslint-config-next': [ '15.5.3' ],
25 silly audit   'eslint-import-resolver-node': [ '0.3.9' ],
25 silly audit   'eslint-import-resolver-typescript': [ '3.10.1' ],
25 silly audit   'eslint-module-utils': [ '2.12.1' ],
25 silly audit   'eslint-plugin-import': [ '2.32.0' ],
25 silly audit   semver: [ '6.3.1', '7.7.2' ],
25 silly audit   'eslint-plugin-jsx-a11y': [ '6.10.2' ],
25 silly audit   'eslint-plugin-react': [ '7.37.5' ],
25 silly audit   'eslint-plugin-react-hooks': [ '5.2.0' ],
25 silly audit   resolve: [ '2.0.0-next.5', '1.22.10' ],
25 silly audit   'eslint-scope': [ '8.4.0' ],
25 silly audit   espree: [ '10.4.0' ],
25 silly audit   esquery: [ '1.6.0' ],
25 silly audit   esrecurse: [ '4.3.0' ],
25 silly audit   estraverse: [ '5.3.0' ],
25 silly audit   esutils: [ '2.0.3' ],
25 silly audit   eventemitter3: [ '5.0.1' ],
25 silly audit   exsolve: [ '1.0.7' ],
25 silly audit   'fast-check': [ '3.23.2' ],
25 silly audit   'fast-deep-equal': [ '3.1.3' ],
25 silly audit   'fast-json-stable-stringify': [ '2.1.0' ],
25 silly audit   'fast-levenshtein': [ '2.0.6' ],
25 silly audit   fastq: [ '1.19.1' ],
25 silly audit   'file-entry-cache': [ '8.0.0' ],
25 silly audit   'fill-range': [ '7.1.1' ],
25 silly audit   'find-up': [ '5.0.0' ],
25 silly audit   'flat-cache': [ '4.0.1' ],
25 silly audit   flatted: [ '3.3.3' ],
25 silly audit   'follow-redirects': [ '1.15.11' ],
25 silly audit   'for-each': [ '0.3.5' ],
25 silly audit   'form-data': [ '4.0.4' ],
25 silly audit   'function-bind': [ '1.1.2' ],
25 silly audit   'function.prototype.name': [ '1.1.8' ],
25 silly audit   'functions-have-names': [ '1.2.3' ],
25 silly audit   'get-intrinsic': [ '1.3.0' ],
25 silly audit   'get-proto': [ '1.0.1' ],
25 silly audit   'get-symbol-description': [ '1.1.0' ],
25 silly audit   'get-tsconfig': [ '4.10.1' ],
25 silly audit   giget: [ '2.0.0' ],
25 silly audit   globals: [ '14.0.0' ],
25 silly audit   globalthis: [ '1.0.4' ],
25 silly audit   gopd: [ '1.2.0' ],
25 silly audit   'graceful-fs': [ '4.2.11' ],
25 silly audit   graphemer: [ '1.4.0' ],
25 silly audit   'has-bigints': [ '1.1.0' ],
25 silly audit   'has-flag': [ '4.0.0' ],
25 silly audit   'has-property-descriptors': [ '1.0.2' ],
25 silly audit   'has-proto': [ '1.2.0' ],
25 silly audit   'has-symbols': [ '1.1.0' ],
25 silly audit   'has-tostringtag': [ '1.0.2' ],
25 silly audit   hasown: [ '2.0.2' ],
25 silly audit   'iconv-lite': [ '0.6.3' ],
25 silly audit   immer: [ '10.1.3' ],
25 silly audit   'import-fresh': [ '3.3.1' ],
25 silly audit   imurmurhash: [ '0.1.4' ],
25 silly audit   'internal-slot': [ '1.1.0' ],
25 silly audit   internmap: [ '2.0.3' ],
25 silly audit   'is-array-buffer': [ '3.0.5' ],
25 silly audit   'is-async-function': [ '2.1.1' ],
25 silly audit   'is-bigint': [ '1.1.0' ],
25 silly audit   'is-boolean-object': [ '1.2.2' ],
25 silly audit   'is-bun-module': [ '2.0.0' ],
25 silly audit   'is-callable': [ '1.2.7' ],
25 silly audit   'is-core-module': [ '2.16.1' ],
25 silly audit   'is-data-view': [ '1.0.2' ],
25 silly audit   'is-date-object': [ '1.1.0' ],
25 silly audit   'is-extglob': [ '2.1.1' ],
25 silly audit   'is-finalizationregistry': [ '1.1.1' ],
25 silly audit   'is-generator-function': [ '1.1.0' ],
25 silly audit   'is-glob': [ '4.0.3' ],
25 silly audit   'is-map': [ '2.0.3' ],
25 silly audit   'is-negative-zero': [ '2.0.3' ],
25 silly audit   'is-number': [ '7.0.0' ],
25 silly audit   'is-number-object': [ '1.1.1' ],
25 silly audit   'is-regex': [ '1.2.1' ],
25 silly audit   'is-set': [ '2.0.3' ],
25 silly audit   'is-shared-array-buffer': [ '1.0.4' ],
25 silly audit   'is-string': [ '1.1.1' ],
25 silly audit   'is-symbol': [ '1.1.1' ],
25 silly audit   'is-typed-array': [ '1.1.15' ],
25 silly audit   'is-weakmap': [ '2.0.2' ],
25 silly audit   'is-weakref': [ '1.1.1' ],
25 silly audit   'is-weakset': [ '2.0.4' ],
25 silly audit   isarray: [ '2.0.5' ],
25 silly audit   isexe: [ '2.0.0' ],
25 silly audit   'iterator.prototype': [ '1.1.5' ],
25 silly audit   jiti: [ '2.5.1' ],
25 silly audit   'js-tokens': [ '4.0.0' ],
25 silly audit   'js-yaml': [ '4.1.0' ],
25 silly audit   'json-buffer': [ '3.0.1' ],
25 silly audit   'json-schema-traverse': [ '0.4.1' ],
25 silly audit   'json-stable-stringify-without-jsonify': [ '1.0.1' ],
25 silly audit   json5: [ '1.0.2' ],
25 silly audit   'jsx-ast-utils': [ '3.3.5' ],
25 silly audit   keyv: [ '4.5.4' ],
25 silly audit   'language-subtag-registry': [ '0.3.23' ],
25 silly audit   'language-tags': [ '1.0.9' ],
25 silly audit   levn: [ '0.4.1' ],
25 silly audit   lightningcss: [ '1.30.1' ],
25 silly audit   'lightningcss-darwin-arm64': [ '1.30.1' ],
25 silly audit   'lightningcss-darwin-x64': [ '1.30.1' ],
25 silly audit   'lightningcss-freebsd-x64': [ '1.30.1' ],
25 silly audit   'lightningcss-linux-arm-gnueabihf': [ '1.30.1' ],
25 silly audit   'lightningcss-linux-arm64-gnu': [ '1.30.1' ],
25 silly audit   'lightningcss-linux-arm64-musl': [ '1.30.1' ],
25 silly audit   'lightningcss-linux-x64-gnu': [ '1.30.1' ],
25 silly audit   'lightningcss-linux-x64-musl': [ '1.30.1' ],
25 silly audit   'lightningcss-win32-arm64-msvc': [ '1.30.1' ],
25 silly audit   'lightningcss-win32-x64-msvc': [ '1.30.1' ],
25 silly audit   'locate-path': [ '6.0.0' ],
25 silly audit   'lodash.merge': [ '4.6.2' ],
25 silly audit   'loose-envify': [ '1.4.0' ],
25 silly audit   'lru-cache': [ '6.0.0' ],
25 silly audit   yallist: [ '4.0.0', '5.0.0' ],
25 silly audit   'lucide-react': [ '0.544.0' ],
25 silly audit   'magic-string': [ '0.30.19' ],
25 silly audit   'math-intrinsics': [ '1.1.0' ],
25 silly audit   merge2: [ '1.4.1' ],
25 silly audit   micromatch: [ '4.0.8' ],
25 silly audit   'mime-db': [ '1.52.0' ],
25 silly audit   'mime-types': [ '2.1.35' ],
25 silly audit   minimist: [ '1.2.8' ],
25 silly audit   minipass: [ '7.1.2' ],
25 silly audit   minizlib: [ '3.0.2' ],
25 silly audit   mkdirp: [ '3.0.1' ],
25 silly audit   moment: [ '2.30.1' ],
25 silly audit   'moment-timezone': [ '0.6.0' ],
25 silly audit   ms: [ '2.1.3' ],
25 silly audit   nanoid: [ '3.3.11' ],
25 silly audit   'napi-postinstall': [ '0.3.3' ],
25 silly audit   'natural-compare': [ '1.4.0' ],
25 silly audit   next: [ '15.5.3' ],
25 silly audit   'next-auth': [ '4.24.11' ],
25 silly audit   postcss: [ '8.4.31', '8.5.6' ],
25 silly audit   'node-fetch-native': [ '1.6.7' ],
25 silly audit   nypm: [ '0.6.2' ],
25 silly audit   oauth: [ '0.9.15' ],
25 silly audit   'object-assign': [ '4.1.1' ],
25 silly audit   'object-hash': [ '2.2.0' ],
25 silly audit   'object-inspect': [ '1.13.4' ],
25 silly audit   'object-keys': [ '1.1.1' ],
25 silly audit   'object.assign': [ '4.1.7' ],
25 silly audit   'object.entries': [ '1.1.9' ],
25 silly audit   'object.fromentries': [ '2.0.8' ],
25 silly audit   'object.groupby': [ '1.0.3' ],
25 silly audit   'object.values': [ '1.2.1' ],
25 silly audit   ohash: [ '2.0.11' ],
25 silly audit   'oidc-token-hash': [ '5.1.1' ],
25 silly audit   'openid-client': [ '5.7.1' ],
25 silly audit   optionator: [ '0.9.4' ],
25 silly audit   'own-keys': [ '1.0.1' ],
25 silly audit   'p-limit': [ '3.1.0' ],
25 silly audit   'p-locate': [ '5.0.0' ],
25 silly audit   'parent-module': [ '1.0.1' ],
25 silly audit   'path-exists': [ '4.0.0' ],
25 silly audit   'path-key': [ '3.1.1' ],
25 silly audit   'path-parse': [ '1.0.7' ],
25 silly audit   pathe: [ '2.0.3' ],
25 silly audit   'perfect-debounce': [ '1.0.0' ],
25 silly audit   picocolors: [ '1.1.1' ],
25 silly audit   picomatch: [ '2.3.1', '4.0.3' ],
25 silly audit   'pkg-types': [ '2.3.0' ],
25 silly audit   'possible-typed-array-names': [ '1.1.0' ],
25 silly audit   preact: [ '10.24.3' ],
25 silly audit   'prelude-ls': [ '1.2.1' ],
25 silly audit   'pretty-format': [ '3.8.0' ],
25 silly audit   prisma: [ '6.16.2' ],
25 silly audit   'prop-types': [ '15.8.1' ],
25 silly audit   'proxy-from-env': [ '1.1.0' ],
25 silly audit   punycode: [ '2.3.1' ],
25 silly audit   'pure-rand': [ '6.1.0' ],
25 silly audit   'queue-microtask': [ '1.2.3' ],
25 silly audit   rc9: [ '2.1.2' ],
25 silly audit   react: [ '19.1.0' ],
25 silly audit   'react-dom': [ '19.1.0' ],
25 silly audit   'react-is': [ '16.13.1' ],
25 silly audit   'react-redux': [ '9.2.0' ],
25 silly audit   readdirp: [ '4.1.2' ],
25 silly audit   recharts: [ '3.2.1' ],
25 silly audit   redux: [ '5.0.1' ],
25 silly audit   'redux-thunk': [ '3.1.0' ],
25 silly audit   'reflect.getprototypeof': [ '1.0.10' ],
25 silly audit   'regexp.prototype.flags': [ '1.5.4' ],
25 silly audit   reselect: [ '5.1.1' ],
25 silly audit   'resolve-from': [ '4.0.0' ],
25 silly audit   'resolve-pkg-maps': [ '1.0.0' ],
25 silly audit   reusify: [ '1.1.0' ],
25 silly audit   'robust-predicates': [ '3.0.2' ],
25 silly audit   'run-parallel': [ '1.2.0' ],
25 silly audit   rw: [ '1.3.3' ],
25 silly audit   'safe-array-concat': [ '1.1.3' ],
25 silly audit   'safe-push-apply': [ '1.0.0' ],
25 silly audit   'safe-regex-test': [ '1.1.0' ],
25 silly audit   'safer-buffer': [ '2.1.2' ],
25 silly audit   scheduler: [ '0.26.0' ],
25 silly audit   'set-function-length': [ '1.2.2' ],
25 silly audit   'set-function-name': [ '2.0.2' ],
25 silly audit   'set-proto': [ '1.0.0' ],
25 silly audit   sharp: [ '0.34.4' ],
25 silly audit   'shebang-command': [ '2.0.0' ],
25 silly audit   'shebang-regex': [ '3.0.0' ],
25 silly audit   'side-channel': [ '1.1.0' ],
25 silly audit   'side-channel-list': [ '1.0.0' ],
25 silly audit   'side-channel-map': [ '1.0.1' ],
25 silly audit   'side-channel-weakmap': [ '1.0.2' ],
25 silly audit   'source-map-js': [ '1.2.1' ],
25 silly audit   'stable-hash': [ '0.0.5' ],
25 silly audit   'stop-iteration-iterator': [ '1.1.0' ],
25 silly audit   'string.prototype.includes': [ '2.0.1' ],
25 silly audit   'string.prototype.matchall': [ '4.0.12' ],
25 silly audit   'string.prototype.repeat': [ '1.0.0' ],
25 silly audit   'string.prototype.trim': [ '1.2.10' ],
25 silly audit   'string.prototype.trimend': [ '1.0.9' ],
25 silly audit   'string.prototype.trimstart': [ '1.0.8' ],
25 silly audit   'strip-bom': [ '3.0.0' ],
25 silly audit   'strip-json-comments': [ '3.1.1' ],
25 silly audit   'styled-jsx': [ '5.1.6' ],
25 silly audit   'supports-color': [ '7.2.0' ],
25 silly audit   'supports-preserve-symlinks-flag': [ '1.0.0' ],
25 silly audit   'tailwind-merge': [ '3.3.1' ],
25 silly audit   tailwindcss: [ '4.1.13' ],
25 silly audit   tapable: [ '2.2.3' ],
25 silly audit   tar: [ '7.4.3' ],
25 silly audit   'tiny-invariant': [ '1.3.3' ],
25 silly audit   tinyexec: [ '1.0.1' ],
25 silly audit   tinyglobby: [ '0.2.15' ],
25 silly audit   fdir: [ '6.5.0' ],
25 silly audit   'to-regex-range': [ '5.0.1' ],
25 silly audit   'ts-api-utils': [ '2.1.0' ],
25 silly audit   'tsconfig-paths': [ '3.15.0' ],
25 silly audit   tslib: [ '2.8.1' ],
25 silly audit   'type-check': [ '0.4.0' ],
25 silly audit   'typed-array-buffer': [ '1.0.3' ],
25 silly audit   'typed-array-byte-length': [ '1.0.3' ],
25 silly audit   'typed-array-byte-offset': [ '1.0.4' ],
25 silly audit   'typed-array-length': [ '1.0.7' ],
25 silly audit   typescript: [ '5.9.2' ],
25 silly audit   'unbox-primitive': [ '1.1.0' ],
25 silly audit   'undici-types': [ '6.21.0' ],
25 silly audit   'unrs-resolver': [ '1.11.1' ],
25 silly audit   'uri-js': [ '4.4.1' ],
25 silly audit   'use-sync-external-store': [ '1.5.0' ],
25 silly audit   uuid: [ '8.3.2' ],
25 silly audit   'victory-vendor': [ '37.3.6' ],
25 silly audit   which: [ '2.0.2' ],
25 silly audit   'which-boxed-primitive': [ '1.1.1' ],
25 silly audit   'which-builtin-type': [ '1.2.1' ],
25 silly audit   'which-collection': [ '1.0.2' ],
25 silly audit   'which-typed-array': [ '1.1.19' ],
25 silly audit   'word-wrap': [ '1.2.5' ],
25 silly audit   'yocto-queue': [ '0.1.0' ],
25 silly audit   '@types/lodash': [ '4.17.20' ],
25 silly audit   lodash: [ '4.17.21' ]
25 silly audit }
26 http cache @types/lodash@https://registry.npmjs.org/@types/lodash/-/lodash-4.17.20.tgz 0ms (cache hit)
27 http cache lodash@https://registry.npmjs.org/lodash/-/lodash-4.17.21.tgz 0ms (cache hit)
28 silly tarball no local data for @types/lodash@https://registry.npmjs.org/@types/lodash/-/lodash-4.17.20.tgz. Extracting by manifest.
29 silly tarball no local data for lodash@https://registry.npmjs.org/lodash/-/lodash-4.17.21.tgz. Extracting by manifest.
30 http fetch POST 200 https://registry.npmjs.org/-/npm/v1/security/advisories/bulk 114ms
31 silly audit report {}
32 http fetch GET 200 https://registry.npmjs.org/@types/lodash/-/lodash-4.17.20.tgz 207ms (cache miss)
33 http fetch GET 200 https://registry.npmjs.org/lodash/-/lodash-4.17.21.tgz 236ms (cache miss)
34 silly ADD node_modules/lodash
35 silly ADD node_modules/@types/lodash
36 verbose cwd /Users/francisco/Documents/Projects/Websites/MyFantasy
37 verbose os Darwin 24.6.0
38 verbose node v24.8.0
39 verbose npm  v11.6.0
40 verbose exit 0
41 info ok
